15:32:54 **** Incremental Build of configuration Nios II for project Assignment-1 ****
make all 
Info: Building ../Assignment-1_bsp/
C:/intelFPGA/18.1/nios2eds/bin/gnu/H-x86_64-mingw32/bin/make --no-print-directory -C ../Assignment-1_bsp/
[BSP build complete]
Info: Compiling hello_world.c to obj/default/hello_world.o
nios2-elf-gcc -xc -MP -MMD -c -I../Assignment-1_bsp//HAL/inc -I../Assignment-1_bsp/ -I../Assignment-1_bsp//drivers/inc  -pipe -D__hal__ -DALT_NO_INSTRUCTION_EMULATION -DALT_SINGLE_THREADED    -O0 -g -Wall   -mhw-div -mhw-mul -mno-hw-mulx -mgpopt=global  -o obj/default/hello_world.o hello_world.c
hello_world.c: In function 'PRVGADraw_Task':
hello_world.c:134:6: warning: operation on 'i' may be undefined [-Wsequence-point]
    i = ++i%100; //point to the next data (oldest) to be overwritten
      ^
Info: Linking Assignment-1.elf
nios2-elf-g++  -T'../Assignment-1_bsp//linker.x' -msys-crt0='../Assignment-1_bsp//obj/HAL/src/crt0.o' -msys-lib=hal_bsp -L../Assignment-1_bsp/   -Wl,-Map=Assignment-1.map   -O0 -g -Wall   -mhw-div -mhw-mul -mno-hw-mulx -mgpopt=global  -o Assignment-1.elf obj/default/FreeRTOS/croutine.o obj/default/FreeRTOS/event_groups.o obj/default/FreeRTOS/heap.o obj/default/FreeRTOS/list.o obj/default/FreeRTOS/port.o obj/default/FreeRTOS/queue.o obj/default/FreeRTOS/tasks.o obj/default/FreeRTOS/timers.o obj/default/hello_world.o obj/default/FreeRTOS/port_asm.o -lm -msys-lib=m
nios2-elf-insert Assignment-1.elf --thread_model hal --cpu_name nios2 --qsys true --simulation_enabled false --id 7 --sidp 0x430f0 --timestamp 1393900972 --stderr_dev jtag_uart --stdin_dev jtag_uart --stdout_dev jtag_uart --sopc_system_name nios2 --quartus_project_dir "H:/Documents/COMPSYS-723-Assignment-1" --sopcinfo H:/Documents/COMPSYS-723-Assignment-1/software/Assignment-1_bsp/../../nios2.sopcinfo
Info: (Assignment-1.elf) 615 KBytes program size (code + initialized data).
Info:                    130561 KBytes free for stack + heap.
Info: Creating Assignment-1.objdump
nios2-elf-objdump --disassemble --syms --all-header --source Assignment-1.elf >Assignment-1.objdump
[Assignment-1 build complete]
15:33:12 **** Build of configuration Nios II for project Assignment-1 ****
make all 
Info: Building ../Assignment-1_bsp/
C:/intelFPGA/18.1/nios2eds/bin/gnu/H-x86_64-mingw32/bin/make --no-print-directory -C ../Assignment-1_bsp/
[BSP build complete]
[Assignment-1 build complete]
15:33:15 **** Incremental Build of configuration Nios II for project Assignment-1 ****
make all 
Info: Building ../Assignment-1_bsp/
C:/intelFPGA/18.1/nios2eds/bin/gnu/H-x86_64-mingw32/bin/make --no-print-directory -C ../Assignment-1_bsp/
[BSP build complete]
[Assignment-1 build complete]
